Connecting to database specified by database.yml
Connecting to database specified by database.yml
Connecting to database specified by database.yml
Connecting to database specified by database.yml
  [1m[36m (0.2ms)[0m  [1mselect sqlite_version(*)[0m
  [1m[35m (36.2ms)[0m  CREATE TABLE "schema_migrations" ("version" varchar(255) NOT NULL) 
  [1m[36m (12.9ms)[0m  [1mCREATE UNIQUE INDEX "unique_schema_migrations" ON "schema_migrations" ("version")[0m
  [1m[35m (3.2ms)[0m  SELECT "schema_migrations"."version" FROM "schema_migrations" 
Migrating to DeviseCreateModels (20131108191645)
  [1m[36m (0.1ms)[0m  [1mbegin transaction[0m
  [1m[35m (0.7ms)[0m  CREATE TABLE "models" ("id" INTEGER PRIMARY KEY AUTOINCREMENT NOT NULL, "email" varchar(255) DEFAULT '' NOT NULL, "encrypted_password" varchar(255) DEFAULT '' NOT NULL, "reset_password_token" varchar(255), "reset_password_sent_at" datetime, "remember_created_at" datetime, "sign_in_count" integer DEFAULT 0 NOT NULL, "current_sign_in_at" datetime, "last_sign_in_at" datetime, "current_sign_in_ip" varchar(255), "last_sign_in_ip" varchar(255), "created_at" datetime NOT NULL, "updated_at" datetime NOT NULL) 
  [1m[36m (0.2ms)[0m  [1mCREATE UNIQUE INDEX "index_models_on_email" ON "models" ("email")[0m
  [1m[35m (0.2ms)[0m  CREATE UNIQUE INDEX "index_models_on_reset_password_token" ON "models" ("reset_password_token")
  [1m[36m (0.1ms)[0m  [1mINSERT INTO "schema_migrations" ("version") VALUES ('20131108191645')[0m
  [1m[35m (11.0ms)[0m  commit transaction
Migrating to DeviseCreateUsers (20131108191700)
  [1m[36m (0.1ms)[0m  [1mbegin transaction[0m
  [1m[35m (0.4ms)[0m  CREATE TABLE "users" ("id" INTEGER PRIMARY KEY AUTOINCREMENT NOT NULL, "email" varchar(255) DEFAULT '' NOT NULL, "encrypted_password" varchar(255) DEFAULT '' NOT NULL, "reset_password_token" varchar(255), "reset_password_sent_at" datetime, "remember_created_at" datetime, "sign_in_count" integer DEFAULT 0 NOT NULL, "current_sign_in_at" datetime, "last_sign_in_at" datetime, "current_sign_in_ip" varchar(255), "last_sign_in_ip" varchar(255), "created_at" datetime NOT NULL, "updated_at" datetime NOT NULL) 
  [1m[36m (0.2ms)[0m  [1mCREATE UNIQUE INDEX "index_users_on_email" ON "users" ("email")[0m
  [1m[35m (0.1ms)[0m  CREATE UNIQUE INDEX "index_users_on_reset_password_token" ON "users" ("reset_password_token")
  [1m[36m (0.1ms)[0m  [1mINSERT INTO "schema_migrations" ("version") VALUES ('20131108191700')[0m
  [1m[35m (10.0ms)[0m  commit transaction
  [1m[36m (0.8ms)[0m  [1mSELECT "schema_migrations"."version" FROM "schema_migrations" [0m
Connecting to database specified by database.yml
Connecting to database specified by database.yml


Started GET "/user/sign_up" for 127.0.0.1 at 2013-11-08 11:21:20 -0800

ActionController::RoutingError (No route matches [GET] "/user/sign_up"):
  actionpack (3.2.14) lib/action_dispatch/middleware/debug_exceptions.rb:21:in `call'
  actionpack (3.2.14) lib/action_dispatch/middleware/show_exceptions.rb:56:in `call'
  railties (3.2.14) lib/rails/rack/logger.rb:32:in `call_app'
  railties (3.2.14) lib/rails/rack/logger.rb:16:in `block in call'
  activesupport (3.2.14) lib/active_support/tagged_logging.rb:22:in `tagged'
  railties (3.2.14) lib/rails/rack/logger.rb:16:in `call'
  actionpack (3.2.14) lib/action_dispatch/middleware/request_id.rb:22:in `call'
  rack (1.4.5) lib/rack/methodoverride.rb:21:in `call'
  rack (1.4.5) lib/rack/runtime.rb:17:in `call'
  activesupport (3.2.14) lib/active_support/cache/strategy/local_cache.rb:72:in `call'
  rack (1.4.5) lib/rack/lock.rb:15:in `call'
  actionpack (3.2.14) lib/action_dispatch/middleware/static.rb:63:in `call'
  railties (3.2.14) lib/rails/engine.rb:484:in `call'
  railties (3.2.14) lib/rails/application.rb:231:in `call'
  rack (1.4.5) lib/rack/content_length.rb:14:in `call'
  railties (3.2.14) lib/rails/rack/log_tailer.rb:17:in `call'
  rack (1.4.5) lib/rack/handler/webrick.rb:59:in `service'
  /home/saasbook/.rvm/rubies/ruby-1.9.3-p448/lib/ruby/1.9.1/webrick/httpserver.rb:138:in `service'
  /home/saasbook/.rvm/rubies/ruby-1.9.3-p448/lib/ruby/1.9.1/webrick/httpserver.rb:94:in `run'
  /home/saasbook/.rvm/rubies/ruby-1.9.3-p448/lib/ruby/1.9.1/webrick/server.rb:191:in `block in start_thread'


  Rendered /home/saasbook/.rvm/gems/ruby-1.9.3-p448/gems/actionpack-3.2.14/lib/action_dispatch/middleware/templates/rescues/routing_error.erb within rescues/layout (42.0ms)


Started GET "/users/sign_up" for 127.0.0.1 at 2013-11-08 11:21:41 -0800
Processing by Devise::RegistrationsController#new as HTML
  Rendered devise/shared/_links.erb (1.7ms)
  Rendered devise/registrations/new.html.erb within layouts/application (23.0ms)
Compiled application.css  (0ms)  (pid 9677)
Compiled jquery.js  (2ms)  (pid 9677)
Compiled jquery_ujs.js  (0ms)  (pid 9677)
Compiled application.js  (35ms)  (pid 9677)
Completed 200 OK in 337ms (Views: 180.6ms | ActiveRecord: 16.4ms)


Started GET "/assets/application.css?body=1" for 127.0.0.1 at 2013-11-08 11:21:41 -0800
Served asset /application.css - 200 OK (3ms)


Started GET "/assets/jquery.js?body=1" for 127.0.0.1 at 2013-11-08 11:21:41 -0800
Served asset /jquery.js - 304 Not Modified (9ms)


Started GET "/assets/jquery_ujs.js?body=1" for 127.0.0.1 at 2013-11-08 11:21:41 -0800
Served asset /jquery_ujs.js - 304 Not Modified (2ms)


Started GET "/assets/application.js?body=1" for 127.0.0.1 at 2013-11-08 11:21:41 -0800
Served asset /application.js - 200 OK (20ms)


Started POST "/users" for 127.0.0.1 at 2013-11-08 11:22:05 -0800
Processing by Devise::RegistrationsController#create as HTML
  Parameters: {"utf8"=>"✓", "authenticity_token"=>"8jT/1N/QVMbq3jqBc3NwnAp6nTx/m68Rok/1Pv+zzks=", "user"=>{"email"=>"emily@tesba.net", "password"=>"[FILTERED]", "password_confirmation"=>"[FILTERED]"}, "commit"=>"Sign up"}
  [1m[36m (0.2ms)[0m  [1mbegin transaction[0m
  [1m[35mUser Exists (0.4ms)[0m  SELECT 1 AS one FROM "users" WHERE "users"."email" = 'emily@tesba.net' LIMIT 1
  [1m[36m (0.0ms)[0m  [1mrollback transaction[0m
  Rendered devise/shared/_links.erb (0.8ms)
  Rendered devise/registrations/new.html.erb within layouts/application (8.1ms)
Completed 200 OK in 297ms (Views: 19.4ms | ActiveRecord: 0.0ms)


Started GET "/assets/jquery.js?body=1" for 127.0.0.1 at 2013-11-08 11:22:05 -0800
Served asset /jquery.js - 304 Not Modified (3ms)


Started GET "/assets/jquery_ujs.js?body=1" for 127.0.0.1 at 2013-11-08 11:22:05 -0800
Served asset /jquery_ujs.js - 304 Not Modified (0ms)


Started POST "/users" for 127.0.0.1 at 2013-11-08 11:22:16 -0800
Processing by Devise::RegistrationsController#create as HTML
  Parameters: {"utf8"=>"✓", "authenticity_token"=>"8jT/1N/QVMbq3jqBc3NwnAp6nTx/m68Rok/1Pv+zzks=", "user"=>{"email"=>"emily@tesba.net", "password"=>"[FILTERED]", "password_confirmation"=>"[FILTERED]"}, "commit"=>"Sign up"}
  [1m[35m (0.3ms)[0m  begin transaction
  [1m[36mUser Exists (0.2ms)[0m  [1mSELECT 1 AS one FROM "users" WHERE "users"."email" = 'emily@tesba.net' LIMIT 1[0m
Binary data inserted for `string` type on column `encrypted_password`
  [1m[35mSQL (7.8ms)[0m  INSERT INTO "users" ("created_at", "current_sign_in_at", "current_sign_in_ip", "email", "encrypted_password", "last_sign_in_at", "last_sign_in_ip", "remember_created_at", "reset_password_sent_at", "reset_password_token", "sign_in_count", "updated_at") VALUES (?, ?, ?, ?, ?, ?, ?, ?, ?, ?, ?, ?)  [["created_at", Fri, 08 Nov 2013 19:22:16 UTC +00:00], ["current_sign_in_at", nil], ["current_sign_in_ip", nil], ["email", "emily@tesba.net"], ["encrypted_password", "$2a$10$4FMyTeGnOk0N5q5QTvNKueZVYPF2/hq7pBf.1/r9wVSDQSpPvSvQm"], ["last_sign_in_at", nil], ["last_sign_in_ip", nil], ["remember_created_at", nil], ["reset_password_sent_at", nil], ["reset_password_token", nil], ["sign_in_count", 0], ["updated_at", Fri, 08 Nov 2013 19:22:16 UTC +00:00]]
  [1m[36m (23.2ms)[0m  [1mcommit transaction[0m
  [1m[35m (0.1ms)[0m  begin transaction
  [1m[36m (6.4ms)[0m  [1mUPDATE "users" SET "last_sign_in_at" = '2013-11-08 19:22:16.671233', "current_sign_in_at" = '2013-11-08 19:22:16.671233', "last_sign_in_ip" = '127.0.0.1', "current_sign_in_ip" = '127.0.0.1', "sign_in_count" = 1, "updated_at" = '2013-11-08 19:22:16.672701' WHERE "users"."id" = 1[0m
  [1m[35m (22.2ms)[0m  commit transaction
Redirected to http://localhost:3000/
Completed 302 Found in 207ms (ActiveRecord: 0.0ms)


Started GET "/assets/rails.png" for 127.0.0.1 at 2013-11-08 11:22:16 -0800
Served asset /rails.png - 200 OK (8ms)


Started GET "/users/sign_in" for 127.0.0.1 at 2013-11-08 11:50:15 -0800
Processing by Devise::SessionsController#new as HTML
  [1m[36mUser Load (0.6ms)[0m  [1mSELECT "users".* FROM "users" WHERE "users"."id" = 1 LIMIT 1[0m
Redirected to http://localhost:3000/
Filter chain halted as :require_no_authentication rendered or redirected
Completed 302 Found in 75ms (ActiveRecord: 0.6ms)


Started GET "/assets/rails.png" for 127.0.0.1 at 2013-11-08 11:50:16 -0800
Served asset /rails.png - 304 Not Modified (0ms)
Connecting to database specified by database.yml


Started GET "/users/sign_in" for 127.0.0.1 at 2013-11-08 11:59:35 -0800
Processing by Devise::SessionsController#new as HTML
  [1m[35mUser Load (0.3ms)[0m  SELECT "users".* FROM "users" WHERE "users"."id" = 1 LIMIT 1
Redirected to http://localhost:3000/
Filter chain halted as :require_no_authentication rendered or redirected
Completed 302 Found in 3ms (ActiveRecord: 0.3ms)


Started GET "/assets/rails.png" for 127.0.0.1 at 2013-11-08 11:59:35 -0800
Served asset /rails.png - 304 Not Modified (0ms)
Connecting to database specified by database.yml


Started GET "/users/sign_up" for 127.0.0.1 at 2013-11-08 11:59:56 -0800
Processing by Devise::RegistrationsController#new as HTML
  [1m[36mUser Load (2.0ms)[0m  [1mSELECT "users".* FROM "users" WHERE "users"."id" = 1 LIMIT 1[0m
Redirected to http://localhost:3000/
Filter chain halted as :require_no_authentication rendered or redirected
Completed 302 Found in 148ms (ActiveRecord: 41.0ms)


Started GET "/assets/rails.png" for 127.0.0.1 at 2013-11-08 11:59:56 -0800
Served asset /rails.png - 304 Not Modified (25ms)


Started GET "/users/sign_up" for 127.0.0.1 at 2013-11-08 12:00:24 -0800
Processing by Devise::RegistrationsController#new as HTML
  Rendered devise/shared/_links.erb (1.9ms)
  Rendered devise/registrations/new.html.erb within layouts/application (68.0ms)
Completed 200 OK in 149ms (Views: 148.2ms | ActiveRecord: 0.0ms)


Started GET "/assets/application.css?body=1" for 127.0.0.1 at 2013-11-08 12:00:24 -0800
Served asset /application.css - 200 OK (1ms)


Started GET "/assets/application.js?body=1" for 127.0.0.1 at 2013-11-08 12:00:24 -0800
Served asset /application.js - 200 OK (11ms)


Started GET "/assets/jquery_ujs.js?body=1" for 127.0.0.1 at 2013-11-08 12:00:24 -0800
Served asset /jquery_ujs.js - 304 Not Modified (2ms)


Started GET "/assets/jquery.js?body=1" for 127.0.0.1 at 2013-11-08 12:00:24 -0800
Served asset /jquery.js - 304 Not Modified (35ms)


Started POST "/users" for 127.0.0.1 at 2013-11-08 12:00:37 -0800
Processing by Devise::RegistrationsController#create as HTML
  Parameters: {"utf8"=>"✓", "authenticity_token"=>"Izl6V7RPw2uNeYo3CDS3XoOj3emznVAIWfVXJ+vIjNA=", "user"=>{"email"=>"a@a.com", "password"=>"[FILTERED]", "password_confirmation"=>"[FILTERED]"}, "commit"=>"Sign up"}
  [1m[35m (0.3ms)[0m  begin transaction
  [1m[36mUser Exists (0.4ms)[0m  [1mSELECT 1 AS one FROM "users" WHERE "users"."email" = 'a@a.com' LIMIT 1[0m
  [1m[35m (0.2ms)[0m  rollback transaction
  Rendered devise/shared/_links.erb (0.4ms)
  Rendered devise/registrations/new.html.erb within layouts/application (5.6ms)
Completed 200 OK in 373ms (Views: 14.2ms | ActiveRecord: 0.0ms)


Started GET "/assets/application.css?body=1" for 127.0.0.1 at 2013-11-08 12:00:38 -0800
Served asset /application.css - 304 Not Modified (0ms)


Started GET "/assets/jquery.js?body=1" for 127.0.0.1 at 2013-11-08 12:00:38 -0800
Served asset /jquery.js - 304 Not Modified (9ms)


Started GET "/assets/application.js?body=1" for 127.0.0.1 at 2013-11-08 12:00:38 -0800
Served asset /application.js - 304 Not Modified (1ms)


Started GET "/assets/jquery_ujs.js?body=1" for 127.0.0.1 at 2013-11-08 12:00:38 -0800
Served asset /jquery_ujs.js - 304 Not Modified (0ms)
Connecting to database specified by database.yml


Started GET "/admin/index" for 127.0.0.1 at 2013-11-08 13:19:09 -0800
Processing by AdminController#index as HTML
Compiled bootstrap.min.css  (19ms)  (pid 9848)
Compiled bootstrap-responsive.min.css  (0ms)  (pid 9848)
Compiled index.css  (0ms)  (pid 9848)
Compiled jquery-ui.css  (0ms)  (pid 9848)
Compiled bootstrap.min.js  (0ms)  (pid 9848)
Compiled d3.v3.min.js  (0ms)  (pid 9848)
Compiled jquery-1.10.2.min.js  (0ms)  (pid 9848)
Compiled index.js  (0ms)  (pid 9848)
Compiled jquery-ui.js  (22ms)  (pid 9848)
  Rendered admin/index.html.haml within layouts/application (182.2ms)
Compiled sessions.css  (14ms)  (pid 9848)
Compiled application.css  (23ms)  (pid 9848)
Compiled jquery.js  (1ms)  (pid 9848)
Compiled jquery_ujs.js  (0ms)  (pid 9848)
Compiled sessions.js  (191ms)  (pid 9848)
Compiled application.js  (232ms)  (pid 9848)
Completed 200 OK in 503ms (Views: 502.1ms | ActiveRecord: 0.0ms)


Started GET "/assets/application.css?body=1" for 127.0.0.1 at 2013-11-08 13:19:09 -0800
Served asset /application.css - 200 OK (8ms)


Started GET "/assets/bootstrap-responsive.min.css?body=1" for 127.0.0.1 at 2013-11-08 13:19:09 -0800
Served asset /bootstrap-responsive.min.css - 304 Not Modified (1ms)


Started GET "/assets/bootstrap.min.css?body=1" for 127.0.0.1 at 2013-11-08 13:19:09 -0800
Served asset /bootstrap.min.css - 304 Not Modified (3ms)


Started GET "/assets/index.css?body=1" for 127.0.0.1 at 2013-11-08 13:19:09 -0800
Served asset /index.css - 304 Not Modified (1ms)


Started GET "/assets/jquery-ui.css?body=1" for 127.0.0.1 at 2013-11-08 13:19:09 -0800
Served asset /jquery-ui.css - 304 Not Modified (1ms)


Started GET "/assets/sessions.css?body=1" for 127.0.0.1 at 2013-11-08 13:19:09 -0800
Served asset /sessions.css - 304 Not Modified (2ms)


Started GET "/assets/jquery.js?body=1" for 127.0.0.1 at 2013-11-08 13:19:09 -0800
Served asset /jquery.js - 304 Not Modified (4ms)


Started GET "/assets/jquery_ujs.js?body=1" for 127.0.0.1 at 2013-11-08 13:19:09 -0800
Served asset /jquery_ujs.js - 304 Not Modified (2ms)


Started GET "/assets/bootstrap.min.js?body=1" for 127.0.0.1 at 2013-11-08 13:19:09 -0800
Served asset /bootstrap.min.js - 304 Not Modified (2ms)


Started GET "/assets/d3.v3.min.js?body=1" for 127.0.0.1 at 2013-11-08 13:19:09 -0800
Served asset /d3.v3.min.js - 304 Not Modified (3ms)


Started GET "/assets/index.js?body=1" for 127.0.0.1 at 2013-11-08 13:19:09 -0800
Served asset /index.js - 304 Not Modified (1ms)


Started GET "/assets/jquery-1.10.2.min.js?body=1" for 127.0.0.1 at 2013-11-08 13:19:09 -0800
Served asset /jquery-1.10.2.min.js - 304 Not Modified (3ms)


Started GET "/assets/jquery-ui.js?body=1" for 127.0.0.1 at 2013-11-08 13:19:09 -0800
Served asset /jquery-ui.js - 304 Not Modified (5ms)


Started GET "/assets/sessions.js?body=1" for 127.0.0.1 at 2013-11-08 13:19:09 -0800
Served asset /sessions.js - 304 Not Modified (1ms)


Started GET "/assets/application.js?body=1" for 127.0.0.1 at 2013-11-08 13:19:09 -0800
Served asset /application.js - 200 OK (28ms)


Started GET "/assets/fake_user_small.png" for 127.0.0.1 at 2013-11-08 13:19:09 -0800
Served asset /fake_user_small.png - 304 Not Modified (3ms)


Started GET "/assets/fake_user_big.png" for 127.0.0.1 at 2013-11-08 13:19:09 -0800
Served asset /fake_user_big.png - 304 Not Modified (5ms)


Started GET "/assets/perfect_moods.png" for 127.0.0.1 at 2013-11-08 13:19:09 -0800
Served asset /perfect_moods.png - 304 Not Modified (5ms)


Started GET "/assets/bad_moods.png" for 127.0.0.1 at 2013-11-08 13:19:09 -0800
Served asset /bad_moods.png - 304 Not Modified (3ms)


Started GET "/assets/okay_moods.png" for 127.0.0.1 at 2013-11-08 13:19:09 -0800
Served asset /okay_moods.png - 304 Not Modified (2ms)


Started GET "/assets/average_moods.png" for 127.0.0.1 at 2013-11-08 13:19:09 -0800
Served asset /average_moods.png - 304 Not Modified (2ms)


Started GET "/assets/images/ui-bg_flat_75_ffffff_40x100.png" for 127.0.0.1 at 2013-11-08 13:19:10 -0800
Served asset /images/ui-bg_flat_75_ffffff_40x100.png - 404 Not Found (1ms)

ActionController::RoutingError (No route matches [GET] "/assets/images/ui-bg_flat_75_ffffff_40x100.png"):
  actionpack (3.2.14) lib/action_dispatch/middleware/debug_exceptions.rb:21:in `call'
  actionpack (3.2.14) lib/action_dispatch/middleware/show_exceptions.rb:56:in `call'
  railties (3.2.14) lib/rails/rack/logger.rb:32:in `call_app'
  railties (3.2.14) lib/rails/rack/logger.rb:16:in `block in call'
  activesupport (3.2.14) lib/active_support/tagged_logging.rb:22:in `tagged'
  railties (3.2.14) lib/rails/rack/logger.rb:16:in `call'
  actionpack (3.2.14) lib/action_dispatch/middleware/request_id.rb:22:in `call'
  rack (1.4.5) lib/rack/methodoverride.rb:21:in `call'
  rack (1.4.5) lib/rack/runtime.rb:17:in `call'
  activesupport (3.2.14) lib/active_support/cache/strategy/local_cache.rb:72:in `call'
  rack (1.4.5) lib/rack/lock.rb:15:in `call'
  actionpack (3.2.14) lib/action_dispatch/middleware/static.rb:63:in `call'
  railties (3.2.14) lib/rails/engine.rb:484:in `call'
  railties (3.2.14) lib/rails/application.rb:231:in `call'
  rack (1.4.5) lib/rack/content_length.rb:14:in `call'
  railties (3.2.14) lib/rails/rack/log_tailer.rb:17:in `call'
  rack (1.4.5) lib/rack/handler/webrick.rb:59:in `service'
  /home/kat/.rbenv/versions/1.9.3-p448/lib/ruby/1.9.1/webrick/httpserver.rb:138:in `service'
  /home/kat/.rbenv/versions/1.9.3-p448/lib/ruby/1.9.1/webrick/httpserver.rb:94:in `run'
  /home/kat/.rbenv/versions/1.9.3-p448/lib/ruby/1.9.1/webrick/server.rb:191:in `block in start_thread'


  Rendered /home/kat/.rbenv/versions/1.9.3-p448/lib/ruby/gems/1.9.1/gems/actionpack-3.2.14/lib/action_dispatch/middleware/templates/rescues/routing_error.erb within rescues/layout (0.7ms)


Started GET "/admin/index" for 127.0.0.1 at 2013-11-08 13:20:02 -0800
Processing by AdminController#index as HTML
  Rendered admin/index.html.haml within layouts/application (5.1ms)
Completed 200 OK in 35ms (Views: 34.7ms | ActiveRecord: 0.0ms)


Started GET "/assets/application.css?body=1" for 127.0.0.1 at 2013-11-08 13:20:03 -0800
Served asset /application.css - 304 Not Modified (1ms)


Started GET "/assets/bootstrap-responsive.min.css?body=1" for 127.0.0.1 at 2013-11-08 13:20:03 -0800
Served asset /bootstrap-responsive.min.css - 304 Not Modified (0ms)


Started GET "/assets/bootstrap.min.css?body=1" for 127.0.0.1 at 2013-11-08 13:20:03 -0800
Served asset /bootstrap.min.css - 304 Not Modified (0ms)


Started GET "/assets/index.css?body=1" for 127.0.0.1 at 2013-11-08 13:20:03 -0800
Served asset /index.css - 304 Not Modified (0ms)


Started GET "/assets/sessions.css?body=1" for 127.0.0.1 at 2013-11-08 13:20:03 -0800
Served asset /sessions.css - 304 Not Modified (0ms)


Started GET "/assets/jquery-ui.css?body=1" for 127.0.0.1 at 2013-11-08 13:20:03 -0800
Served asset /jquery-ui.css - 304 Not Modified (0ms)


Started GET "/assets/jquery.js?body=1" for 127.0.0.1 at 2013-11-08 13:20:03 -0800
Served asset /jquery.js - 304 Not Modified (3ms)


Started GET "/assets/jquery_ujs.js?body=1" for 127.0.0.1 at 2013-11-08 13:20:03 -0800
Served asset /jquery_ujs.js - 304 Not Modified (0ms)


Started GET "/assets/bootstrap.min.js?body=1" for 127.0.0.1 at 2013-11-08 13:20:03 -0800
Served asset /bootstrap.min.js - 304 Not Modified (0ms)


Started GET "/assets/d3.v3.min.js?body=1" for 127.0.0.1 at 2013-11-08 13:20:03 -0800
Served asset /d3.v3.min.js - 304 Not Modified (0ms)


Started GET "/assets/index.js?body=1" for 127.0.0.1 at 2013-11-08 13:20:03 -0800
Served asset /index.js - 304 Not Modified (0ms)


Started GET "/assets/jquery-1.10.2.min.js?body=1" for 127.0.0.1 at 2013-11-08 13:20:03 -0800
Served asset /jquery-1.10.2.min.js - 304 Not Modified (0ms)


Started GET "/assets/jquery-ui.js?body=1" for 127.0.0.1 at 2013-11-08 13:20:03 -0800
Served asset /jquery-ui.js - 304 Not Modified (0ms)


Started GET "/assets/sessions.js?body=1" for 127.0.0.1 at 2013-11-08 13:20:03 -0800
Served asset /sessions.js - 304 Not Modified (0ms)


Started GET "/assets/application.js?body=1" for 127.0.0.1 at 2013-11-08 13:20:03 -0800
Served asset /application.js - 304 Not Modified (0ms)


Started GET "/assets/fake_user_small.png" for 127.0.0.1 at 2013-11-08 13:20:03 -0800
Served asset /fake_user_small.png - 304 Not Modified (0ms)


Started GET "/assets/fake_user_big.png" for 127.0.0.1 at 2013-11-08 13:20:03 -0800
Served asset /fake_user_big.png - 304 Not Modified (0ms)


Started GET "/assets/bad_moods.png" for 127.0.0.1 at 2013-11-08 13:20:03 -0800
Served asset /bad_moods.png - 304 Not Modified (0ms)


Started GET "/assets/perfect_moods.png" for 127.0.0.1 at 2013-11-08 13:20:03 -0800
Served asset /perfect_moods.png - 304 Not Modified (0ms)


Started GET "/assets/average_moods.png" for 127.0.0.1 at 2013-11-08 13:20:03 -0800
Served asset /average_moods.png - 304 Not Modified (0ms)


Started GET "/assets/okay_moods.png" for 127.0.0.1 at 2013-11-08 13:20:03 -0800
Served asset /okay_moods.png - 304 Not Modified (0ms)


Started GET "/assets/fake_user_small.png" for 127.0.0.1 at 2013-11-08 13:20:13 -0800
Served asset /fake_user_small.png - 304 Not Modified (0ms)


Started GET "/admin/index" for 127.0.0.1 at 2013-11-08 13:24:31 -0800
Processing by AdminController#index as HTML
  Rendered admin/index.html.haml within layouts/application (6.4ms)
Completed 200 OK in 13ms (Views: 12.8ms | ActiveRecord: 0.0ms)


Started GET "/assets/bootstrap-responsive.min.css?body=1" for 127.0.0.1 at 2013-11-08 13:24:31 -0800
Served asset /bootstrap-responsive.min.css - 304 Not Modified (0ms)


Started GET "/assets/application.css?body=1" for 127.0.0.1 at 2013-11-08 13:24:31 -0800
Served asset /application.css - 304 Not Modified (0ms)


Started GET "/assets/jquery-ui.css?body=1" for 127.0.0.1 at 2013-11-08 13:24:31 -0800
Served asset /jquery-ui.css - 304 Not Modified (0ms)


Started GET "/assets/sessions.css?body=1" for 127.0.0.1 at 2013-11-08 13:24:31 -0800
Served asset /sessions.css - 304 Not Modified (0ms)


Started GET "/assets/index.css?body=1" for 127.0.0.1 at 2013-11-08 13:24:31 -0800
Served asset /index.css - 304 Not Modified (0ms)


Started GET "/assets/bootstrap.min.css?body=1" for 127.0.0.1 at 2013-11-08 13:24:31 -0800
Served asset /bootstrap.min.css - 304 Not Modified (0ms)


Started GET "/assets/jquery.js?body=1" for 127.0.0.1 at 2013-11-08 13:24:31 -0800
Served asset /jquery.js - 304 Not Modified (3ms)


Started GET "/assets/jquery_ujs.js?body=1" for 127.0.0.1 at 2013-11-08 13:24:31 -0800
Served asset /jquery_ujs.js - 304 Not Modified (0ms)


Started GET "/assets/bootstrap.min.js?body=1" for 127.0.0.1 at 2013-11-08 13:24:31 -0800
Served asset /bootstrap.min.js - 304 Not Modified (0ms)


Started GET "/assets/d3.v3.min.js?body=1" for 127.0.0.1 at 2013-11-08 13:24:31 -0800
Served asset /d3.v3.min.js - 304 Not Modified (0ms)


Started GET "/assets/index.js?body=1" for 127.0.0.1 at 2013-11-08 13:24:31 -0800
Served asset /index.js - 304 Not Modified (0ms)


Started GET "/assets/jquery-1.10.2.min.js?body=1" for 127.0.0.1 at 2013-11-08 13:24:31 -0800
Served asset /jquery-1.10.2.min.js - 304 Not Modified (0ms)


Started GET "/assets/jquery-ui.js?body=1" for 127.0.0.1 at 2013-11-08 13:24:31 -0800
Served asset /jquery-ui.js - 304 Not Modified (0ms)


Started GET "/assets/sessions.js?body=1" for 127.0.0.1 at 2013-11-08 13:24:31 -0800
Served asset /sessions.js - 304 Not Modified (0ms)


Started GET "/assets/application.js?body=1" for 127.0.0.1 at 2013-11-08 13:24:31 -0800
Served asset /application.js - 304 Not Modified (0ms)


Started GET "/assets/fake_user_small.png" for 127.0.0.1 at 2013-11-08 13:24:31 -0800
Served asset /fake_user_small.png - 304 Not Modified (0ms)


Started GET "/assets/fake_user_big.png" for 127.0.0.1 at 2013-11-08 13:24:31 -0800
Served asset /fake_user_big.png - 304 Not Modified (0ms)


Started GET "/assets/okay_moods.png" for 127.0.0.1 at 2013-11-08 13:24:31 -0800
Served asset /okay_moods.png - 304 Not Modified (0ms)


Started GET "/assets/perfect_moods.png" for 127.0.0.1 at 2013-11-08 13:24:31 -0800
Served asset /perfect_moods.png - 304 Not Modified (0ms)


Started GET "/assets/bad_moods.png" for 127.0.0.1 at 2013-11-08 13:24:31 -0800
Served asset /bad_moods.png - 304 Not Modified (0ms)


Started GET "/assets/average_moods.png" for 127.0.0.1 at 2013-11-08 13:24:31 -0800
Served asset /average_moods.png - 304 Not Modified (0ms)
Connecting to database specified by database.yml


Started GET "/admin/index" for 127.0.0.1 at 2013-11-08 14:14:56 -0800
Processing by AdminController#index as HTML
  Rendered admin/index.html.haml within layouts/application (3.6ms)
Completed 200 OK in 8ms (Views: 7.9ms | ActiveRecord: 0.0ms)


Started GET "/assets/sessions.css?body=1" for 127.0.0.1 at 2013-11-08 14:14:57 -0800
Served asset /sessions.css - 304 Not Modified (0ms)


Started GET "/assets/jquery.js?body=1" for 127.0.0.1 at 2013-11-08 14:14:57 -0800
Served asset /jquery.js - 304 Not Modified (6ms)


Started GET "/assets/jquery_ujs.js?body=1" for 127.0.0.1 at 2013-11-08 14:14:57 -0800
Served asset /jquery_ujs.js - 304 Not Modified (1ms)


Started GET "/assets/sessions.js?body=1" for 127.0.0.1 at 2013-11-08 14:14:57 -0800
Served asset /sessions.js - 304 Not Modified (0ms)


Started GET "/assets/images/ui-bg_flat_75_ffffff_40x100.png" for 127.0.0.1 at 2013-11-08 14:14:57 -0800
Served asset /images/ui-bg_flat_75_ffffff_40x100.png - 404 Not Found (1ms)

ActionController::RoutingError (No route matches [GET] "/assets/images/ui-bg_flat_75_ffffff_40x100.png"):
  actionpack (3.2.14) lib/action_dispatch/middleware/debug_exceptions.rb:21:in `call'
  actionpack (3.2.14) lib/action_dispatch/middleware/show_exceptions.rb:56:in `call'
  railties (3.2.14) lib/rails/rack/logger.rb:32:in `call_app'
  railties (3.2.14) lib/rails/rack/logger.rb:16:in `block in call'
  activesupport (3.2.14) lib/active_support/tagged_logging.rb:22:in `tagged'
  railties (3.2.14) lib/rails/rack/logger.rb:16:in `call'
  actionpack (3.2.14) lib/action_dispatch/middleware/request_id.rb:22:in `call'
  rack (1.4.5) lib/rack/methodoverride.rb:21:in `call'
  rack (1.4.5) lib/rack/runtime.rb:17:in `call'
  activesupport (3.2.14) lib/active_support/cache/strategy/local_cache.rb:72:in `call'
  rack (1.4.5) lib/rack/lock.rb:15:in `call'
  actionpack (3.2.14) lib/action_dispatch/middleware/static.rb:63:in `call'
  railties (3.2.14) lib/rails/engine.rb:484:in `call'
  railties (3.2.14) lib/rails/application.rb:231:in `call'
  rack (1.4.5) lib/rack/content_length.rb:14:in `call'
  railties (3.2.14) lib/rails/rack/log_tailer.rb:17:in `call'
  rack (1.4.5) lib/rack/handler/webrick.rb:59:in `service'
  /home/kat/.rbenv/versions/1.9.3-p448/lib/ruby/1.9.1/webrick/httpserver.rb:138:in `service'
  /home/kat/.rbenv/versions/1.9.3-p448/lib/ruby/1.9.1/webrick/httpserver.rb:94:in `run'
  /home/kat/.rbenv/versions/1.9.3-p448/lib/ruby/1.9.1/webrick/server.rb:191:in `block in start_thread'


  Rendered /home/kat/.rbenv/versions/1.9.3-p448/lib/ruby/gems/1.9.1/gems/actionpack-3.2.14/lib/action_dispatch/middleware/templates/rescues/routing_error.erb within rescues/layout (0.5ms)


Started GET "/users/sign_ip" for 127.0.0.1 at 2013-11-08 14:15:19 -0800

ActionController::RoutingError (No route matches [GET] "/users/sign_ip"):
  actionpack (3.2.14) lib/action_dispatch/middleware/debug_exceptions.rb:21:in `call'
  actionpack (3.2.14) lib/action_dispatch/middleware/show_exceptions.rb:56:in `call'
  railties (3.2.14) lib/rails/rack/logger.rb:32:in `call_app'
  railties (3.2.14) lib/rails/rack/logger.rb:16:in `block in call'
  activesupport (3.2.14) lib/active_support/tagged_logging.rb:22:in `tagged'
  railties (3.2.14) lib/rails/rack/logger.rb:16:in `call'
  actionpack (3.2.14) lib/action_dispatch/middleware/request_id.rb:22:in `call'
  rack (1.4.5) lib/rack/methodoverride.rb:21:in `call'
  rack (1.4.5) lib/rack/runtime.rb:17:in `call'
  activesupport (3.2.14) lib/active_support/cache/strategy/local_cache.rb:72:in `call'
  rack (1.4.5) lib/rack/lock.rb:15:in `call'
  actionpack (3.2.14) lib/action_dispatch/middleware/static.rb:63:in `call'
  railties (3.2.14) lib/rails/engine.rb:484:in `call'
  railties (3.2.14) lib/rails/application.rb:231:in `call'
  rack (1.4.5) lib/rack/content_length.rb:14:in `call'
  railties (3.2.14) lib/rails/rack/log_tailer.rb:17:in `call'
  rack (1.4.5) lib/rack/handler/webrick.rb:59:in `service'
  /home/kat/.rbenv/versions/1.9.3-p448/lib/ruby/1.9.1/webrick/httpserver.rb:138:in `service'
  /home/kat/.rbenv/versions/1.9.3-p448/lib/ruby/1.9.1/webrick/httpserver.rb:94:in `run'
  /home/kat/.rbenv/versions/1.9.3-p448/lib/ruby/1.9.1/webrick/server.rb:191:in `block in start_thread'


  Rendered /home/kat/.rbenv/versions/1.9.3-p448/lib/ruby/gems/1.9.1/gems/actionpack-3.2.14/lib/action_dispatch/middleware/templates/rescues/routing_error.erb within rescues/layout (0.6ms)


Started GET "/users/sign_up" for 127.0.0.1 at 2013-11-08 14:15:24 -0800
Processing by Devise::RegistrationsController#new as HTML
  Rendered devise/shared/_links.erb (1.0ms)
  Rendered devise/registrations/new.html.erb within layouts/application (10.3ms)
Completed 200 OK in 86ms (Views: 15.3ms | ActiveRecord: 21.1ms)


Started GET "/assets/sessions.css?body=1" for 127.0.0.1 at 2013-11-08 14:15:24 -0800
Served asset /sessions.css - 304 Not Modified (0ms)


Started GET "/assets/jquery.js?body=1" for 127.0.0.1 at 2013-11-08 14:15:24 -0800
Served asset /jquery.js - 304 Not Modified (6ms)


Started GET "/assets/jquery_ujs.js?body=1" for 127.0.0.1 at 2013-11-08 14:15:24 -0800
Served asset /jquery_ujs.js - 304 Not Modified (0ms)


Started GET "/assets/sessions.js?body=1" for 127.0.0.1 at 2013-11-08 14:15:24 -0800
Served asset /sessions.js - 304 Not Modified (0ms)


Started GET "/users/log_in" for 127.0.0.1 at 2013-11-08 14:24:16 -0800

ActionController::RoutingError (No route matches [GET] "/users/log_in"):
  actionpack (3.2.14) lib/action_dispatch/middleware/debug_exceptions.rb:21:in `call'
  actionpack (3.2.14) lib/action_dispatch/middleware/show_exceptions.rb:56:in `call'
  railties (3.2.14) lib/rails/rack/logger.rb:32:in `call_app'
  railties (3.2.14) lib/rails/rack/logger.rb:16:in `block in call'
  activesupport (3.2.14) lib/active_support/tagged_logging.rb:22:in `tagged'
  railties (3.2.14) lib/rails/rack/logger.rb:16:in `call'
  actionpack (3.2.14) lib/action_dispatch/middleware/request_id.rb:22:in `call'
  rack (1.4.5) lib/rack/methodoverride.rb:21:in `call'
  rack (1.4.5) lib/rack/runtime.rb:17:in `call'
  activesupport (3.2.14) lib/active_support/cache/strategy/local_cache.rb:72:in `call'
  rack (1.4.5) lib/rack/lock.rb:15:in `call'
  actionpack (3.2.14) lib/action_dispatch/middleware/static.rb:63:in `call'
  railties (3.2.14) lib/rails/engine.rb:484:in `call'
  railties (3.2.14) lib/rails/application.rb:231:in `call'
  rack (1.4.5) lib/rack/content_length.rb:14:in `call'
  railties (3.2.14) lib/rails/rack/log_tailer.rb:17:in `call'
  rack (1.4.5) lib/rack/handler/webrick.rb:59:in `service'
  /home/kat/.rbenv/versions/1.9.3-p448/lib/ruby/1.9.1/webrick/httpserver.rb:138:in `service'
  /home/kat/.rbenv/versions/1.9.3-p448/lib/ruby/1.9.1/webrick/httpserver.rb:94:in `run'
  /home/kat/.rbenv/versions/1.9.3-p448/lib/ruby/1.9.1/webrick/server.rb:191:in `block in start_thread'


  Rendered /home/kat/.rbenv/versions/1.9.3-p448/lib/ruby/gems/1.9.1/gems/actionpack-3.2.14/lib/action_dispatch/middleware/templates/rescues/routing_error.erb within rescues/layout (0.5ms)


Started GET "/users/sign_in" for 127.0.0.1 at 2013-11-08 14:26:04 -0800
Processing by Devise::SessionsController#new as HTML
  Rendered devise/shared/_links.erb (0.6ms)
  Rendered devise/sessions/new.html.erb within layouts/application (4.0ms)
Completed 200 OK in 34ms (Views: 9.0ms | ActiveRecord: 0.0ms)


Started GET "/assets/sessions.css?body=1" for 127.0.0.1 at 2013-11-08 14:26:04 -0800
Served asset /sessions.css - 304 Not Modified (0ms)


Started GET "/assets/jquery.js?body=1" for 127.0.0.1 at 2013-11-08 14:26:04 -0800
Served asset /jquery.js - 304 Not Modified (11ms)


Started GET "/assets/jquery_ujs.js?body=1" for 127.0.0.1 at 2013-11-08 14:26:04 -0800
Served asset /jquery_ujs.js - 304 Not Modified (0ms)


Started GET "/assets/sessions.js?body=1" for 127.0.0.1 at 2013-11-08 14:26:04 -0800
Served asset /sessions.js - 304 Not Modified (0ms)
Connecting to database specified by database.yml
Connecting to database specified by database.yml
Connecting to database specified by database.yml
Connecting to database specified by database.yml


Started GET "/" for 127.0.0.1 at 2013-11-08 14:40:03 -0800
Processing by Devise::SessionsController#new as HTML
[Devise] Could not find devise mapping for path "/".
This may happen for two reasons:

1) You forgot to wrap your route inside the scope block. For example:

  devise_scope :user do
    get "/some/route" => "some_devise_controller"
  end

2) You are testing a Devise controller bypassing the router.
   If so, you can explicitly tell Devise which mapping to use:

   @request.env["devise.mapping"] = Devise.mappings[:user]


Completed 404 Not Found in 1ms

AbstractController::ActionNotFound (Could not find devise mapping for path "/".
This may happen for two reasons:

1) You forgot to wrap your route inside the scope block. For example:

  devise_scope :user do
    get "/some/route" => "some_devise_controller"
  end

2) You are testing a Devise controller bypassing the router.
   If so, you can explicitly tell Devise which mapping to use:

   @request.env["devise.mapping"] = Devise.mappings[:user]

):
  devise (3.2.0) app/controllers/devise_controller.rb:84:in `unknown_action!'
  devise (3.2.0) app/controllers/devise_controller.rb:59:in `assert_is_devise_resource!'
  devise (3.2.0) app/controllers/devise_controller.rb:97:in `require_no_authentication'
  activesupport (3.2.14) lib/active_support/callbacks.rb:407:in `_run__2284580262041349330__process_action__948305418730229628__callbacks'
  activesupport (3.2.14) lib/active_support/callbacks.rb:405:in `__run_callback'
  activesupport (3.2.14) lib/active_support/callbacks.rb:385:in `_run_process_action_callbacks'
  activesupport (3.2.14) lib/active_support/callbacks.rb:81:in `run_callbacks'
  actionpack (3.2.14) lib/abstract_controller/callbacks.rb:17:in `process_action'
  actionpack (3.2.14) lib/action_controller/metal/rescue.rb:29:in `process_action'
  actionpack (3.2.14) lib/action_controller/metal/instrumentation.rb:30:in `block in process_action'
  activesupport (3.2.14) lib/active_support/notifications.rb:123:in `block in instrument'
  activesupport (3.2.14) lib/active_support/notifications/instrumenter.rb:20:in `instrument'
  activesupport (3.2.14) lib/active_support/notifications.rb:123:in `instrument'
  actionpack (3.2.14) lib/action_controller/metal/instrumentation.rb:29:in `process_action'
  actionpack (3.2.14) lib/action_controller/metal/params_wrapper.rb:207:in `process_action'
  activerecord (3.2.14) lib/active_record/railties/controller_runtime.rb:18:in `process_action'
  actionpack (3.2.14) lib/abstract_controller/base.rb:121:in `process'
  actionpack (3.2.14) lib/abstract_controller/rendering.rb:45:in `process'
  actionpack (3.2.14) lib/action_controller/metal.rb:203:in `dispatch'
  actionpack (3.2.14) lib/action_controller/metal/rack_delegation.rb:14:in `dispatch'
  actionpack (3.2.14) lib/action_controller/metal.rb:246:in `block in action'
  actionpack (3.2.14) lib/action_dispatch/routing/route_set.rb:73:in `call'
  actionpack (3.2.14) lib/action_dispatch/routing/route_set.rb:73:in `dispatch'
  actionpack (3.2.14) lib/action_dispatch/routing/route_set.rb:36:in `call'
  journey (1.0.4) lib/journey/router.rb:68:in `block in call'
  journey (1.0.4) lib/journey/router.rb:56:in `each'
  journey (1.0.4) lib/journey/router.rb:56:in `call'
  actionpack (3.2.14) lib/action_dispatch/routing/route_set.rb:608:in `call'
  warden (1.2.3) lib/warden/manager.rb:35:in `block in call'
  warden (1.2.3) lib/warden/manager.rb:34:in `catch'
  warden (1.2.3) lib/warden/manager.rb:34:in `call'
  actionpack (3.2.14) lib/action_dispatch/middleware/best_standards_support.rb:17:in `call'
  rack (1.4.5) lib/rack/etag.rb:23:in `call'
  rack (1.4.5) lib/rack/conditionalget.rb:25:in `call'
  actionpack (3.2.14) lib/action_dispatch/middleware/head.rb:14:in `call'
  actionpack (3.2.14) lib/action_dispatch/middleware/params_parser.rb:21:in `call'
  actionpack (3.2.14) lib/action_dispatch/middleware/flash.rb:242:in `call'
  rack (1.4.5) lib/rack/session/abstract/id.rb:210:in `context'
  rack (1.4.5) lib/rack/session/abstract/id.rb:205:in `call'
  actionpack (3.2.14) lib/action_dispatch/middleware/cookies.rb:341:in `call'
  activerecord (3.2.14) lib/active_record/query_cache.rb:64:in `call'
  activerecord (3.2.14) lib/active_record/connection_adapters/abstract/connection_pool.rb:479:in `call'
  actionpack (3.2.14) lib/action_dispatch/middleware/callbacks.rb:28:in `block in call'
  activesupport (3.2.14) lib/active_support/callbacks.rb:405:in `_run__4271503716556182370__call__650333708303403304__callbacks'
  activesupport (3.2.14) lib/active_support/callbacks.rb:405:in `__run_callback'
  activesupport (3.2.14) lib/active_support/callbacks.rb:385:in `_run_call_callbacks'
  activesupport (3.2.14) lib/active_support/callbacks.rb:81:in `run_callbacks'
  actionpack (3.2.14) lib/action_dispatch/middleware/callbacks.rb:27:in `call'
  actionpack (3.2.14) lib/action_dispatch/middleware/reloader.rb:65:in `call'
  actionpack (3.2.14) lib/action_dispatch/middleware/remote_ip.rb:31:in `call'
  actionpack (3.2.14) lib/action_dispatch/middleware/debug_exceptions.rb:16:in `call'
  actionpack (3.2.14) lib/action_dispatch/middleware/show_exceptions.rb:56:in `call'
  railties (3.2.14) lib/rails/rack/logger.rb:32:in `call_app'
  railties (3.2.14) lib/rails/rack/logger.rb:16:in `block in call'
  activesupport (3.2.14) lib/active_support/tagged_logging.rb:22:in `tagged'
  railties (3.2.14) lib/rails/rack/logger.rb:16:in `call'
  actionpack (3.2.14) lib/action_dispatch/middleware/request_id.rb:22:in `call'
  rack (1.4.5) lib/rack/methodoverride.rb:21:in `call'
  rack (1.4.5) lib/rack/runtime.rb:17:in `call'
  activesupport (3.2.14) lib/active_support/cache/strategy/local_cache.rb:72:in `call'
  rack (1.4.5) lib/rack/lock.rb:15:in `call'
  actionpack (3.2.14) lib/action_dispatch/middleware/static.rb:63:in `call'
  railties (3.2.14) lib/rails/engine.rb:484:in `call'
  railties (3.2.14) lib/rails/application.rb:231:in `call'
  rack (1.4.5) lib/rack/content_length.rb:14:in `call'
  railties (3.2.14) lib/rails/rack/log_tailer.rb:17:in `call'
  rack (1.4.5) lib/rack/handler/webrick.rb:59:in `service'
  /home/kat/.rbenv/versions/1.9.3-p448/lib/ruby/1.9.1/webrick/httpserver.rb:138:in `service'
  /home/kat/.rbenv/versions/1.9.3-p448/lib/ruby/1.9.1/webrick/httpserver.rb:94:in `run'
  /home/kat/.rbenv/versions/1.9.3-p448/lib/ruby/1.9.1/webrick/server.rb:191:in `block in start_thread'


  Rendered /home/kat/.rbenv/versions/1.9.3-p448/lib/ruby/gems/1.9.1/gems/actionpack-3.2.14/lib/action_dispatch/middleware/templates/rescues/unknown_action.erb within rescues/layout (2.8ms)


Started GET "/" for 127.0.0.1 at 2013-11-08 14:41:00 -0800
Processing by Devise::SessionsController#new as HTML
  Rendered devise/shared/_links.erb (1.7ms)
  Rendered devise/sessions/new.html.erb within layouts/application (34.8ms)
Compiled bootstrap-responsive.min.css  (0ms)  (pid 12781)
Compiled bootstrap.min.css  (0ms)  (pid 12781)
Compiled index.css  (0ms)  (pid 12781)
Compiled jquery-ui.css  (0ms)  (pid 12781)
Compiled sessions.css  (5ms)  (pid 12781)
Compiled application.css  (18ms)  (pid 12781)
Compiled jquery.js  (1ms)  (pid 12781)
Compiled jquery_ujs.js  (0ms)  (pid 12781)
Compiled bootstrap.min.js  (0ms)  (pid 12781)
Compiled d3.v3.min.js  (0ms)  (pid 12781)
Compiled index.js  (0ms)  (pid 12781)
Compiled jquery-1.10.2.min.js  (0ms)  (pid 12781)
Compiled jquery-ui.js  (3ms)  (pid 12781)
Compiled sessions.js  (125ms)  (pid 12781)
Compiled application.js  (198ms)  (pid 12781)
Completed 200 OK in 402ms (Views: 322.8ms | ActiveRecord: 2.2ms)


Started GET "/assets/sessions.css?body=1" for 127.0.0.1 at 2013-11-08 14:41:01 -0800
Served asset /sessions.css - 304 Not Modified (2ms)


Started GET "/assets/jquery.js?body=1" for 127.0.0.1 at 2013-11-08 14:41:01 -0800
Served asset /jquery.js - 304 Not Modified (42ms)


Started GET "/assets/jquery_ujs.js?body=1" for 127.0.0.1 at 2013-11-08 14:41:01 -0800
Served asset /jquery_ujs.js - 304 Not Modified (1ms)


Started GET "/assets/sessions.js?body=1" for 127.0.0.1 at 2013-11-08 14:41:01 -0800
Served asset /sessions.js - 304 Not Modified (1ms)
Connecting to database specified by database.yml
Connecting to database specified by database.yml


Started GET "/" for 127.0.0.1 at 2013-11-09 10:57:12 -0800
Processing by Devise::SessionsController#new as HTML
  Rendered devise/shared/_links.erb (1.4ms)
  Rendered devise/sessions/new.html.erb within layouts/application (35.3ms)
Completed 200 OK in 165ms (Views: 95.2ms | ActiveRecord: 2.1ms)


Started GET "/assets/sessions.css?body=1" for 127.0.0.1 at 2013-11-09 10:57:13 -0800
Served asset /sessions.css - 304 Not Modified (2ms)


Started GET "/assets/jquery.js?body=1" for 127.0.0.1 at 2013-11-09 10:57:13 -0800
Served asset /jquery.js - 304 Not Modified (3ms)


Started GET "/assets/jquery_ujs.js?body=1" for 127.0.0.1 at 2013-11-09 10:57:13 -0800
Served asset /jquery_ujs.js - 304 Not Modified (26ms)


Started GET "/assets/sessions.js?body=1" for 127.0.0.1 at 2013-11-09 10:57:13 -0800
Served asset /sessions.js - 304 Not Modified (1ms)
