Compiled jquery.js  (18ms)  (pid 10247)
Compiled jquery_ujs.js  (0ms)  (pid 10247)
Compiled bootstrap.min.js  (0ms)  (pid 10247)
Compiled d3.v3.min.js  (0ms)  (pid 10247)
Compiled index.js  (0ms)  (pid 10247)
Compiled jquery-1.10.2.min.js  (0ms)  (pid 10247)
Compiled jquery-ui.js  (2ms)  (pid 10247)
Compiled sessions.js  (98ms)  (pid 10247)
Compiled application.js  (183ms)  (pid 10247)
Compiled bootstrap-responsive.min.css  (0ms)  (pid 10247)
Compiled bootstrap.min.css  (0ms)  (pid 10247)
Compiled index.css  (0ms)  (pid 10247)
Compiled jquery-ui.css  (0ms)  (pid 10247)
Compiled sessions.css  (5ms)  (pid 10247)
Compiled application.css  (21ms)  (pid 10247)
Compiled jquery.js  (16ms)  (pid 10247)
Compiled jquery_ujs.js  (0ms)  (pid 10247)
Compiled bootstrap.min.js  (0ms)  (pid 10247)
Compiled d3.v3.min.js  (0ms)  (pid 10247)
Compiled index.js  (0ms)  (pid 10247)
Compiled jquery-1.10.2.min.js  (0ms)  (pid 10247)
Compiled jquery-ui.js  (2ms)  (pid 10247)
Compiled sessions.js  (125ms)  (pid 10247)
Compiled application.js  (202ms)  (pid 10247)
Compiled bootstrap-responsive.min.css  (0ms)  (pid 10247)
Compiled bootstrap.min.css  (0ms)  (pid 10247)
Compiled index.css  (0ms)  (pid 10247)
Compiled jquery-ui.css  (0ms)  (pid 10247)
Compiled sessions.css  (5ms)  (pid 10247)
Compiled application.css  (20ms)  (pid 10247)
